<?xml version="1.0" encoding="UTF-8"?>
<testsuite xmlns:xsi="http://www.w3.org/2001/XMLSchema-instance" xsi:noNamespaceSchemaLocation="https://maven.apache.org/surefire/maven-surefire-plugin/xsd/surefire-test-report.xsd" name="com.digi.generateBill.GenerateBillApplicationTests" time="28.964" tests="1" errors="0" skipped="1" failures="0">
  <properties>
    <property name="java.specification.version" value="17"/>
    <property name="sun.jnu.encoding" value="UTF-8"/>
    <property name="java.class.path" value="/Users/user/Documents/Saikat/Spring boot and fuse training/packtis/ Task Completed/RRT/generateBill/target/test-classes:/Users/user/Documents/Saikat/Spring boot and fuse training/packtis/ Task Completed/RRT/generateBill/target/classes:/Users/user/.m2/repository/org/apache/camel/camel-jackson/2.18.0/camel-jackson-2.18.0.jar:/Users/user/.m2/repository/org/apache/camel/camel-core/2.18.0/camel-core-2.18.0.jar:/Users/user/.m2/repository/org/slf4j/slf4j-api/1.7.36/slf4j-api-1.7.36.jar:/Users/user/.m2/repository/com/fasterxml/jackson/core/jackson-databind/2.13.4.2/jackson-databind-2.13.4.2.jar:/Users/user/.m2/repository/com/fasterxml/jackson/core/jackson-annotations/2.13.4/jackson-annotations-2.13.4.jar:/Users/user/.m2/repository/com/fasterxml/jackson/core/jackson-core/2.13.4/jackson-core-2.13.4.jar:/Users/user/.m2/repository/com/fasterxml/jackson/module/jackson-module-jaxb-annotations/2.13.4/jackson-module-jaxb-annotations-2.13.4.jar:/Users/user/.m2/repository/jakarta/activation/jakarta.activation-api/1.2.2/jakarta.activation-api-1.2.2.jar:/Users/user/.m2/repository/org/apache/camel/camel-spring-boot-starter/2.18.0/camel-spring-boot-starter-2.18.0.jar:/Users/user/.m2/repository/org/springframework/boot/spring-boot-starter/2.7.8/spring-boot-starter-2.7.8.jar:/Users/user/.m2/repository/org/springframework/boot/spring-boot/2.7.8/spring-boot-2.7.8.jar:/Users/user/.m2/repository/org/springframework/boot/spring-boot-autoconfigure/2.7.8/spring-boot-autoconfigure-2.7.8.jar:/Users/user/.m2/repository/org/springframework/boot/spring-boot-starter-logging/2.7.8/spring-boot-starter-logging-2.7.8.jar:/Users/user/.m2/repository/ch/qos/logback/logback-classic/1.2.11/logback-classic-1.2.11.jar:/Users/user/.m2/repository/ch/qos/logback/logback-core/1.2.11/logback-core-1.2.11.jar:/Users/user/.m2/repository/org/apache/logging/log4j/log4j-to-slf4j/2.17.2/log4j-to-slf4j-2.17.2.jar:/Users/user/.m2/repository/org/apache/logging/log4j/log4j-api/2.17.2/log4j-api-2.17.2.jar:/Users/user/.m2/repository/org/slf4j/jul-to-slf4j/1.7.36/jul-to-slf4j-1.7.36.jar:/Users/user/.m2/repository/jakarta/annotation/jakarta.annotation-api/1.3.5/jakarta.annotation-api-1.3.5.jar:/Users/user/.m2/repository/org/yaml/snakeyaml/1.30/snakeyaml-1.30.jar:/Users/user/.m2/repository/org/apache/camel/camel-spring-boot/2.18.0/camel-spring-boot-2.18.0.jar:/Users/user/.m2/repository/org/apache/camel/camel-core-starter/2.18.0/camel-core-starter-2.18.0.jar:/Users/user/.m2/repository/com/github/ben-manes/caffeine/caffeine/2.9.3/caffeine-2.9.3.jar:/Users/user/.m2/repository/org/checkerframework/checker-qual/3.19.0/checker-qual-3.19.0.jar:/Users/user/.m2/repository/com/google/errorprone/error_prone_annotations/2.10.0/error_prone_annotations-2.10.0.jar:/Users/user/.m2/repository/org/apache/camel/camel-spring/2.18.0/camel-spring-2.18.0.jar:/Users/user/.m2/repository/org/springframework/spring-core/5.3.25/spring-core-5.3.25.jar:/Users/user/.m2/repository/org/springframework/spring-jcl/5.3.25/spring-jcl-5.3.25.jar:/Users/user/.m2/repository/org/springframework/spring-aop/5.3.25/spring-aop-5.3.25.jar:/Users/user/.m2/repository/org/springframework/spring-context/5.3.25/spring-context-5.3.25.jar:/Users/user/.m2/repository/org/springframework/spring-beans/5.3.25/spring-beans-5.3.25.jar:/Users/user/.m2/repository/org/springframework/spring-expression/5.3.25/spring-expression-5.3.25.jar:/Users/user/.m2/repository/org/springframework/spring-tx/5.3.25/spring-tx-5.3.25.jar:/Users/user/.m2/repository/org/apache/camel/camel-jaxb/2.18.0/camel-jaxb-2.18.0.jar:/Users/user/.m2/repository/com/sun/xml/bind/jaxb-core/2.2.11/jaxb-core-2.2.11.jar:/Users/user/.m2/repository/com/sun/xml/bind/jaxb-impl/2.2.11/jaxb-impl-2.2.11.jar:/Users/user/.m2/repository/org/apache/camel/camel-undertow-starter/2.18.0/camel-undertow-starter-2.18.0.jar:/Users/user/.m2/repository/org/apache/camel/camel-undertow/2.18.0/camel-undertow-2.18.0.jar:/Users/user/.m2/repository/io/undertow/undertow-core/2.2.22.Final/undertow-core-2.2.22.Final.jar:/Users/user/.m2/repository/org/jboss/xnio/xnio-api/3.8.7.Final/xnio-api-3.8.7.Final.jar:/Users/user/.m2/repository/org/wildfly/common/wildfly-common/1.5.4.Final/wildfly-common-1.5.4.Final.jar:/Users/user/.m2/repository/org/wildfly/client/wildfly-client-config/1.0.1.Final/wildfly-client-config-1.0.1.Final.jar:/Users/user/.m2/repository/org/jboss/xnio/xnio-nio/3.8.7.Final/xnio-nio-3.8.7.Final.jar:/Users/user/.m2/repository/org/jboss/threads/jboss-threads/3.1.0.Final/jboss-threads-3.1.0.Final.jar:/Users/user/.m2/repository/org/hibernate/hibernate-validator/5.2.4.Final/hibernate-validator-5.2.4.Final.jar:/Users/user/.m2/repository/org/jboss/logging/jboss-logging/3.4.3.Final/jboss-logging-3.4.3.Final.jar:/Users/user/.m2/repository/com/fasterxml/classmate/1.5.1/classmate-1.5.1.jar:/Users/user/.m2/repository/org/apache/camel/camel-http-starter/2.18.0/camel-http-starter-2.18.0.jar:/Users/user/.m2/repository/org/apache/camel/camel-http/2.18.0/camel-http-2.18.0.jar:/Users/user/.m2/repository/org/apache/camel/camel-http-common/2.18.0/camel-http-common-2.18.0.jar:/Users/user/.m2/repository/javax/servlet/javax.servlet-api/4.0.1/javax.servlet-api-4.0.1.jar:/Users/user/.m2/repository/commons-httpclient/commons-httpclient/3.1/commons-httpclient-3.1.jar:/Users/user/.m2/repository/commons-codec/commons-codec/1.15/commons-codec-1.15.jar:/Users/user/.m2/repository/javax/validation/validation-api/2.0.1.Final/validation-api-2.0.1.Final.jar:/Users/user/.m2/repository/org/hibernate/validator/hibernate-validator-cdi/6.0.16.Final/hibernate-validator-cdi-6.0.16.Final.jar:/Users/user/.m2/repository/org/hibernate/validator/hibernate-validator/6.2.5.Final/hibernate-validator-6.2.5.Final.jar:/Users/user/.m2/repository/jakarta/validation/jakarta.validation-api/2.0.2/jakarta.validation-api-2.0.2.jar:/Users/user/.m2/repository/org/apache/camel/camel-bean-validator-starter/2.18.0/camel-bean-validator-starter-2.18.0.jar:/Users/user/.m2/repository/org/apache/camel/camel-bean-validator/2.18.0/camel-bean-validator-2.18.0.jar:/Users/user/.m2/repository/javax/el/javax.el-api/2.2.5/javax.el-api-2.2.5.jar:/Users/user/.m2/repository/org/glassfish/web/javax.el/2.2.5/javax.el-2.2.5.jar:/Users/user/.m2/repository/org/springframework/boot/spring-boot-starter-web/2.7.8/spring-boot-starter-web-2.7.8.jar:/Users/user/.m2/repository/org/springframework/boot/spring-boot-starter-json/2.7.8/spring-boot-starter-json-2.7.8.jar:/Users/user/.m2/repository/com/fasterxml/jackson/datatype/jackson-datatype-jdk8/2.13.4/jackson-datatype-jdk8-2.13.4.jar:/Users/user/.m2/repository/com/fasterxml/jackson/datatype/jackson-datatype-jsr310/2.13.4/jackson-datatype-jsr310-2.13.4.jar:/Users/user/.m2/repository/com/fasterxml/jackson/module/jackson-module-parameter-names/2.13.4/jackson-module-parameter-names-2.13.4.jar:/Users/user/.m2/repository/org/springframework/boot/spring-boot-starter-tomcat/2.7.8/spring-boot-starter-tomcat-2.7.8.jar:/Users/user/.m2/repository/org/apache/tomcat/embed/tomcat-embed-core/9.0.71/tomcat-embed-core-9.0.71.jar:/Users/user/.m2/repository/org/apache/tomcat/embed/tomcat-embed-el/9.0.71/tomcat-embed-el-9.0.71.jar:/Users/user/.m2/repository/org/apache/tomcat/embed/tomcat-embed-websocket/9.0.71/tomcat-embed-websocket-9.0.71.jar:/Users/user/.m2/repository/org/springframework/spring-web/5.3.25/spring-web-5.3.25.jar:/Users/user/.m2/repository/org/springframework/spring-webmvc/5.3.25/spring-webmvc-5.3.25.jar:/Users/user/.m2/repository/org/projectlombok/lombok/1.18.24/lombok-1.18.24.jar:/Users/user/.m2/repository/org/springframework/boot/spring-boot-starter-test/2.7.8/spring-boot-starter-test-2.7.8.jar:/Users/user/.m2/repository/org/springframework/boot/spring-boot-test/2.7.8/spring-boot-test-2.7.8.jar:/Users/user/.m2/repository/org/springframework/boot/spring-boot-test-autoconfigure/2.7.8/spring-boot-test-autoconfigure-2.7.8.jar:/Users/user/.m2/repository/com/jayway/jsonpath/json-path/2.7.0/json-path-2.7.0.jar:/Users/user/.m2/repository/net/minidev/json-smart/2.4.8/json-smart-2.4.8.jar:/Users/user/.m2/repository/net/minidev/accessors-smart/2.4.8/accessors-smart-2.4.8.jar:/Users/user/.m2/repository/org/ow2/asm/asm/9.1/asm-9.1.jar:/Users/user/.m2/repository/jakarta/xml/bind/jakarta.xml.bind-api/2.3.3/jakarta.xml.bind-api-2.3.3.jar:/Users/user/.m2/repository/org/assertj/assertj-core/3.22.0/assertj-core-3.22.0.jar:/Users/user/.m2/repository/org/hamcrest/hamcrest/2.2/hamcrest-2.2.jar:/Users/user/.m2/repository/org/junit/jupiter/junit-jupiter/5.8.2/junit-jupiter-5.8.2.jar:/Users/user/.m2/repository/org/junit/jupiter/junit-jupiter-api/5.8.2/junit-jupiter-api-5.8.2.jar:/Users/user/.m2/repository/org/opentest4j/opentest4j/1.2.0/opentest4j-1.2.0.jar:/Users/user/.m2/repository/org/junit/platform/junit-platform-commons/1.8.2/junit-platform-commons-1.8.2.jar:/Users/user/.m2/repository/org/apiguardian/apiguardian-api/1.1.2/apiguardian-api-1.1.2.jar:/Users/user/.m2/repository/org/junit/jupiter/junit-jupiter-params/5.8.2/junit-jupiter-params-5.8.2.jar:/Users/user/.m2/repository/org/junit/jupiter/junit-jupiter-engine/5.8.2/junit-jupiter-engine-5.8.2.jar:/Users/user/.m2/repository/org/junit/platform/junit-platform-engine/1.8.2/junit-platform-engine-1.8.2.jar:/Users/user/.m2/repository/org/mockito/mockito-core/4.5.1/mockito-core-4.5.1.jar:/Users/user/.m2/repository/net/bytebuddy/byte-buddy/1.12.22/byte-buddy-1.12.22.jar:/Users/user/.m2/repository/net/bytebuddy/byte-buddy-agent/1.12.22/byte-buddy-agent-1.12.22.jar:/Users/user/.m2/repository/org/objenesis/objenesis/3.2/objenesis-3.2.jar:/Users/user/.m2/repository/org/mockito/mockito-junit-jupiter/4.5.1/mockito-junit-jupiter-4.5.1.jar:/Users/user/.m2/repository/org/skyscreamer/jsonassert/1.5.1/jsonassert-1.5.1.jar:/Users/user/.m2/repository/com/vaadin/external/google/android-json/0.0.20131108.vaadin1/android-json-0.0.20131108.vaadin1.jar:/Users/user/.m2/repository/org/springframework/spring-test/5.3.25/spring-test-5.3.25.jar:/Users/user/.m2/repository/org/xmlunit/xmlunit-core/2.9.1/xmlunit-core-2.9.1.jar:"/>
    <property name="java.vm.vendor" value="Oracle Corporation"/>
    <property name="sun.arch.data.model" value="64"/>
    <property name="java.vendor.url" value="https://java.oracle.com/"/>
    <property name="os.name" value="Mac OS X"/>
    <property name="java.vm.specification.version" value="17"/>
    <property name="sun.java.launcher" value="SUN_STANDARD"/>
    <property name="user.country" value="IN"/>
    <property name="sun.boot.library.path" value="/Library/Java/JavaVirtualMachines/jdk-17.0.5.jdk/Contents/Home/lib"/>
    <property name="sun.java.command" value="/Users/user/Documents/Saikat/Spring boot and fuse training/packtis/ Task Completed/RRT/generateBill/target/surefire/surefirebooter17724650025400962315.jar /Users/user/Documents/Saikat/Spring boot and fuse training/packtis/ Task Completed/RRT/generateBill/target/surefire 2023-02-03T19-30-05_531-jvmRun1 surefire16173269175150538199tmp surefire_04421568863614943340tmp"/>
    <property name="http.nonProxyHosts" value="local|*.local|169.254/16|*.169.254/16"/>
    <property name="jdk.debug" value="release"/>
    <property name="surefire.test.class.path" value="/Users/user/Documents/Saikat/Spring boot and fuse training/packtis/ Task Completed/RRT/generateBill/target/test-classes:/Users/user/Documents/Saikat/Spring boot and fuse training/packtis/ Task Completed/RRT/generateBill/target/classes:/Users/user/.m2/repository/org/apache/camel/camel-jackson/2.18.0/camel-jackson-2.18.0.jar:/Users/user/.m2/repository/org/apache/camel/camel-core/2.18.0/camel-core-2.18.0.jar:/Users/user/.m2/repository/org/slf4j/slf4j-api/1.7.36/slf4j-api-1.7.36.jar:/Users/user/.m2/repository/com/fasterxml/jackson/core/jackson-databind/2.13.4.2/jackson-databind-2.13.4.2.jar:/Users/user/.m2/repository/com/fasterxml/jackson/core/jackson-annotations/2.13.4/jackson-annotations-2.13.4.jar:/Users/user/.m2/repository/com/fasterxml/jackson/core/jackson-core/2.13.4/jackson-core-2.13.4.jar:/Users/user/.m2/repository/com/fasterxml/jackson/module/jackson-module-jaxb-annotations/2.13.4/jackson-module-jaxb-annotations-2.13.4.jar:/Users/user/.m2/repository/jakarta/activation/jakarta.activation-api/1.2.2/jakarta.activation-api-1.2.2.jar:/Users/user/.m2/repository/org/apache/camel/camel-spring-boot-starter/2.18.0/camel-spring-boot-starter-2.18.0.jar:/Users/user/.m2/repository/org/springframework/boot/spring-boot-starter/2.7.8/spring-boot-starter-2.7.8.jar:/Users/user/.m2/repository/org/springframework/boot/spring-boot/2.7.8/spring-boot-2.7.8.jar:/Users/user/.m2/repository/org/springframework/boot/spring-boot-autoconfigure/2.7.8/spring-boot-autoconfigure-2.7.8.jar:/Users/user/.m2/repository/org/springframework/boot/spring-boot-starter-logging/2.7.8/spring-boot-starter-logging-2.7.8.jar:/Users/user/.m2/repository/ch/qos/logback/logback-classic/1.2.11/logback-classic-1.2.11.jar:/Users/user/.m2/repository/ch/qos/logback/logback-core/1.2.11/logback-core-1.2.11.jar:/Users/user/.m2/repository/org/apache/logging/log4j/log4j-to-slf4j/2.17.2/log4j-to-slf4j-2.17.2.jar:/Users/user/.m2/repository/org/apache/logging/log4j/log4j-api/2.17.2/log4j-api-2.17.2.jar:/Users/user/.m2/repository/org/slf4j/jul-to-slf4j/1.7.36/jul-to-slf4j-1.7.36.jar:/Users/user/.m2/repository/jakarta/annotation/jakarta.annotation-api/1.3.5/jakarta.annotation-api-1.3.5.jar:/Users/user/.m2/repository/org/yaml/snakeyaml/1.30/snakeyaml-1.30.jar:/Users/user/.m2/repository/org/apache/camel/camel-spring-boot/2.18.0/camel-spring-boot-2.18.0.jar:/Users/user/.m2/repository/org/apache/camel/camel-core-starter/2.18.0/camel-core-starter-2.18.0.jar:/Users/user/.m2/repository/com/github/ben-manes/caffeine/caffeine/2.9.3/caffeine-2.9.3.jar:/Users/user/.m2/repository/org/checkerframework/checker-qual/3.19.0/checker-qual-3.19.0.jar:/Users/user/.m2/repository/com/google/errorprone/error_prone_annotations/2.10.0/error_prone_annotations-2.10.0.jar:/Users/user/.m2/repository/org/apache/camel/camel-spring/2.18.0/camel-spring-2.18.0.jar:/Users/user/.m2/repository/org/springframework/spring-core/5.3.25/spring-core-5.3.25.jar:/Users/user/.m2/repository/org/springframework/spring-jcl/5.3.25/spring-jcl-5.3.25.jar:/Users/user/.m2/repository/org/springframework/spring-aop/5.3.25/spring-aop-5.3.25.jar:/Users/user/.m2/repository/org/springframework/spring-context/5.3.25/spring-context-5.3.25.jar:/Users/user/.m2/repository/org/springframework/spring-beans/5.3.25/spring-beans-5.3.25.jar:/Users/user/.m2/repository/org/springframework/spring-expression/5.3.25/spring-expression-5.3.25.jar:/Users/user/.m2/repository/org/springframework/spring-tx/5.3.25/spring-tx-5.3.25.jar:/Users/user/.m2/repository/org/apache/camel/camel-jaxb/2.18.0/camel-jaxb-2.18.0.jar:/Users/user/.m2/repository/com/sun/xml/bind/jaxb-core/2.2.11/jaxb-core-2.2.11.jar:/Users/user/.m2/repository/com/sun/xml/bind/jaxb-impl/2.2.11/jaxb-impl-2.2.11.jar:/Users/user/.m2/repository/org/apache/camel/camel-undertow-starter/2.18.0/camel-undertow-starter-2.18.0.jar:/Users/user/.m2/repository/org/apache/camel/camel-undertow/2.18.0/camel-undertow-2.18.0.jar:/Users/user/.m2/repository/io/undertow/undertow-core/2.2.22.Final/undertow-core-2.2.22.Final.jar:/Users/user/.m2/repository/org/jboss/xnio/xnio-api/3.8.7.Final/xnio-api-3.8.7.Final.jar:/Users/user/.m2/repository/org/wildfly/common/wildfly-common/1.5.4.Final/wildfly-common-1.5.4.Final.jar:/Users/user/.m2/repository/org/wildfly/client/wildfly-client-config/1.0.1.Final/wildfly-client-config-1.0.1.Final.jar:/Users/user/.m2/repository/org/jboss/xnio/xnio-nio/3.8.7.Final/xnio-nio-3.8.7.Final.jar:/Users/user/.m2/repository/org/jboss/threads/jboss-threads/3.1.0.Final/jboss-threads-3.1.0.Final.jar:/Users/user/.m2/repository/org/hibernate/hibernate-validator/5.2.4.Final/hibernate-validator-5.2.4.Final.jar:/Users/user/.m2/repository/org/jboss/logging/jboss-logging/3.4.3.Final/jboss-logging-3.4.3.Final.jar:/Users/user/.m2/repository/com/fasterxml/classmate/1.5.1/classmate-1.5.1.jar:/Users/user/.m2/repository/org/apache/camel/camel-http-starter/2.18.0/camel-http-starter-2.18.0.jar:/Users/user/.m2/repository/org/apache/camel/camel-http/2.18.0/camel-http-2.18.0.jar:/Users/user/.m2/repository/org/apache/camel/camel-http-common/2.18.0/camel-http-common-2.18.0.jar:/Users/user/.m2/repository/javax/servlet/javax.servlet-api/4.0.1/javax.servlet-api-4.0.1.jar:/Users/user/.m2/repository/commons-httpclient/commons-httpclient/3.1/commons-httpclient-3.1.jar:/Users/user/.m2/repository/commons-codec/commons-codec/1.15/commons-codec-1.15.jar:/Users/user/.m2/repository/javax/validation/validation-api/2.0.1.Final/validation-api-2.0.1.Final.jar:/Users/user/.m2/repository/org/hibernate/validator/hibernate-validator-cdi/6.0.16.Final/hibernate-validator-cdi-6.0.16.Final.jar:/Users/user/.m2/repository/org/hibernate/validator/hibernate-validator/6.2.5.Final/hibernate-validator-6.2.5.Final.jar:/Users/user/.m2/repository/jakarta/validation/jakarta.validation-api/2.0.2/jakarta.validation-api-2.0.2.jar:/Users/user/.m2/repository/org/apache/camel/camel-bean-validator-starter/2.18.0/camel-bean-validator-starter-2.18.0.jar:/Users/user/.m2/repository/org/apache/camel/camel-bean-validator/2.18.0/camel-bean-validator-2.18.0.jar:/Users/user/.m2/repository/javax/el/javax.el-api/2.2.5/javax.el-api-2.2.5.jar:/Users/user/.m2/repository/org/glassfish/web/javax.el/2.2.5/javax.el-2.2.5.jar:/Users/user/.m2/repository/org/springframework/boot/spring-boot-starter-web/2.7.8/spring-boot-starter-web-2.7.8.jar:/Users/user/.m2/repository/org/springframework/boot/spring-boot-starter-json/2.7.8/spring-boot-starter-json-2.7.8.jar:/Users/user/.m2/repository/com/fasterxml/jackson/datatype/jackson-datatype-jdk8/2.13.4/jackson-datatype-jdk8-2.13.4.jar:/Users/user/.m2/repository/com/fasterxml/jackson/datatype/jackson-datatype-jsr310/2.13.4/jackson-datatype-jsr310-2.13.4.jar:/Users/user/.m2/repository/com/fasterxml/jackson/module/jackson-module-parameter-names/2.13.4/jackson-module-parameter-names-2.13.4.jar:/Users/user/.m2/repository/org/springframework/boot/spring-boot-starter-tomcat/2.7.8/spring-boot-starter-tomcat-2.7.8.jar:/Users/user/.m2/repository/org/apache/tomcat/embed/tomcat-embed-core/9.0.71/tomcat-embed-core-9.0.71.jar:/Users/user/.m2/repository/org/apache/tomcat/embed/tomcat-embed-el/9.0.71/tomcat-embed-el-9.0.71.jar:/Users/user/.m2/repository/org/apache/tomcat/embed/tomcat-embed-websocket/9.0.71/tomcat-embed-websocket-9.0.71.jar:/Users/user/.m2/repository/org/springframework/spring-web/5.3.25/spring-web-5.3.25.jar:/Users/user/.m2/repository/org/springframework/spring-webmvc/5.3.25/spring-webmvc-5.3.25.jar:/Users/user/.m2/repository/org/projectlombok/lombok/1.18.24/lombok-1.18.24.jar:/Users/user/.m2/repository/org/springframework/boot/spring-boot-starter-test/2.7.8/spring-boot-starter-test-2.7.8.jar:/Users/user/.m2/repository/org/springframework/boot/spring-boot-test/2.7.8/spring-boot-test-2.7.8.jar:/Users/user/.m2/repository/org/springframework/boot/spring-boot-test-autoconfigure/2.7.8/spring-boot-test-autoconfigure-2.7.8.jar:/Users/user/.m2/repository/com/jayway/jsonpath/json-path/2.7.0/json-path-2.7.0.jar:/Users/user/.m2/repository/net/minidev/json-smart/2.4.8/json-smart-2.4.8.jar:/Users/user/.m2/repository/net/minidev/accessors-smart/2.4.8/accessors-smart-2.4.8.jar:/Users/user/.m2/repository/org/ow2/asm/asm/9.1/asm-9.1.jar:/Users/user/.m2/repository/jakarta/xml/bind/jakarta.xml.bind-api/2.3.3/jakarta.xml.bind-api-2.3.3.jar:/Users/user/.m2/repository/org/assertj/assertj-core/3.22.0/assertj-core-3.22.0.jar:/Users/user/.m2/repository/org/hamcrest/hamcrest/2.2/hamcrest-2.2.jar:/Users/user/.m2/repository/org/junit/jupiter/junit-jupiter/5.8.2/junit-jupiter-5.8.2.jar:/Users/user/.m2/repository/org/junit/jupiter/junit-jupiter-api/5.8.2/junit-jupiter-api-5.8.2.jar:/Users/user/.m2/repository/org/opentest4j/opentest4j/1.2.0/opentest4j-1.2.0.jar:/Users/user/.m2/repository/org/junit/platform/junit-platform-commons/1.8.2/junit-platform-commons-1.8.2.jar:/Users/user/.m2/repository/org/apiguardian/apiguardian-api/1.1.2/apiguardian-api-1.1.2.jar:/Users/user/.m2/repository/org/junit/jupiter/junit-jupiter-params/5.8.2/junit-jupiter-params-5.8.2.jar:/Users/user/.m2/repository/org/junit/jupiter/junit-jupiter-engine/5.8.2/junit-jupiter-engine-5.8.2.jar:/Users/user/.m2/repository/org/junit/platform/junit-platform-engine/1.8.2/junit-platform-engine-1.8.2.jar:/Users/user/.m2/repository/org/mockito/mockito-core/4.5.1/mockito-core-4.5.1.jar:/Users/user/.m2/repository/net/bytebuddy/byte-buddy/1.12.22/byte-buddy-1.12.22.jar:/Users/user/.m2/repository/net/bytebuddy/byte-buddy-agent/1.12.22/byte-buddy-agent-1.12.22.jar:/Users/user/.m2/repository/org/objenesis/objenesis/3.2/objenesis-3.2.jar:/Users/user/.m2/repository/org/mockito/mockito-junit-jupiter/4.5.1/mockito-junit-jupiter-4.5.1.jar:/Users/user/.m2/repository/org/skyscreamer/jsonassert/1.5.1/jsonassert-1.5.1.jar:/Users/user/.m2/repository/com/vaadin/external/google/android-json/0.0.20131108.vaadin1/android-json-0.0.20131108.vaadin1.jar:/Users/user/.m2/repository/org/springframework/spring-test/5.3.25/spring-test-5.3.25.jar:/Users/user/.m2/repository/org/xmlunit/xmlunit-core/2.9.1/xmlunit-core-2.9.1.jar:"/>
    <property name="sun.cpu.endian" value="little"/>
    <property name="user.home" value="/Users/user"/>
    <property name="user.language" value="en"/>
    <property name="java.specification.vendor" value="Oracle Corporation"/>
    <property name="java.version.date" value="2022-10-18"/>
    <property name="java.home" value="/Library/Java/JavaVirtualMachines/jdk-17.0.5.jdk/Contents/Home"/>
    <property name="file.separator" value="/"/>
    <property name="basedir" value="/Users/user/Documents/Saikat/Spring boot and fuse training/packtis/ Task Completed/RRT/generateBill"/>
    <property name="java.vm.compressedOopsMode" value="Zero based"/>
    <property name="line.separator" value="&#10;"/>
    <property name="java.specification.name" value="Java Platform API Specification"/>
    <property name="java.vm.specification.vendor" value="Oracle Corporation"/>
    <property name="surefire.real.class.path" value="/Users/user/Documents/Saikat/Spring boot and fuse training/packtis/ Task Completed/RRT/generateBill/target/surefire/surefirebooter17724650025400962315.jar"/>
    <property name="sun.management.compiler" value="HotSpot 64-Bit Tiered Compilers"/>
    <property name="ftp.nonProxyHosts" value="local|*.local|169.254/16|*.169.254/16"/>
    <property name="java.runtime.version" value="17.0.5+9-LTS-191"/>
    <property name="user.name" value="user"/>
    <property name="path.separator" value=":"/>
    <property name="os.version" value="11.6.4"/>
    <property name="java.runtime.name" value="Java(TM) SE Runtime Environment"/>
    <property name="file.encoding" value="US-ASCII"/>
    <property name="java.vm.name" value="Java HotSpot(TM) 64-Bit Server VM"/>
    <property name="localRepository" value="/Users/user/.m2/repository"/>
    <property name="java.vendor.url.bug" value="https://bugreport.java.com/bugreport/"/>
    <property name="java.io.tmpdir" value="/var/folders/sx/l08c1gpx1_n79ytn29_f8g7m0000gn/T/"/>
    <property name="java.version" value="17.0.5"/>
    <property name="user.dir" value="/Users/user/Documents/Saikat/Spring boot and fuse training/packtis/ Task Completed/RRT/generateBill"/>
    <property name="os.arch" value="x86_64"/>
    <property name="java.vm.specification.name" value="Java Virtual Machine Specification"/>
    <property name="native.encoding" value="US-ASCII"/>
    <property name="java.library.path" value="/Users/user/Library/Java/Extensions:/Library/Java/Extensions:/Network/Library/Java/Extensions:/System/Library/Java/Extensions:/usr/lib/java:."/>
    <property name="java.vm.info" value="mixed mode, sharing"/>
    <property name="java.vendor" value="Oracle Corporation"/>
    <property name="java.vm.version" value="17.0.5+9-LTS-191"/>
    <property name="sun.io.unicode.encoding" value="UnicodeBig"/>
    <property name="socksNonProxyHosts" value="local|*.local|169.254/16|*.169.254/16"/>
    <property name="java.class.version" value="61.0"/>
  </properties>
  <testcase name="contextLoads" classname="com.digi.generateBill.GenerateBillApplicationTests" time="0">
    <skipped message="void com.digi.generateBill.GenerateBillApplicationTests.contextLoads() is @Disabled"/>
    <system-out><![CDATA[19:30:10.034 [main] DEBUG org.springframework.test.context.BootstrapUtils - Instantiating CacheAwareContextLoaderDelegate from class [org.springframework.test.context.cache.DefaultCacheAwareContextLoaderDelegate]
19:30:10.148 [main] DEBUG org.springframework.test.context.BootstrapUtils - Instantiating BootstrapContext using constructor [public org.springframework.test.context.support.DefaultBootstrapContext(java.lang.Class,org.springframework.test.context.CacheAwareContextLoaderDelegate)]
19:30:10.351 [main] DEBUG org.springframework.test.context.BootstrapUtils - Instantiating TestContextBootstrapper for test class [com.digi.generateBill.GenerateBillApplicationTests] from class [org.springframework.boot.test.context.SpringBootTestContextBootstrapper]
19:30:10.399 [main] INFO org.springframework.boot.test.context.SpringBootTestContextBootstrapper - Neither @ContextConfiguration nor @ContextHierarchy found for test class [com.digi.generateBill.GenerateBillApplicationTests], using SpringBootContextLoader
19:30:10.442 [main] DEBUG org.springframework.test.context.support.AbstractContextLoader - Did not detect default resource location for test class [com.digi.generateBill.GenerateBillApplicationTests]: class path resource [com/digi/generateBill/GenerateBillApplicationTests-context.xml] does not exist
19:30:10.443 [main] DEBUG org.springframework.test.context.support.AbstractContextLoader - Did not detect default resource location for test class [com.digi.generateBill.GenerateBillApplicationTests]: class path resource [com/digi/generateBill/GenerateBillApplicationTestsContext.groovy] does not exist
19:30:10.454 [main] INFO org.springframework.test.context.support.AbstractContextLoader - Could not detect default resource locations for test class [com.digi.generateBill.GenerateBillApplicationTests]: no resource found for suffixes {-context.xml, Context.groovy}.
19:30:10.461 [main] INFO org.springframework.test.context.support.AnnotationConfigContextLoaderUtils - Could not detect default configuration classes for test class [com.digi.generateBill.GenerateBillApplicationTests]: GenerateBillApplicationTests does not declare any static, non-private, non-final, nested classes annotated with @Configuration.
19:30:11.190 [main] DEBUG org.springframework.test.context.support.ActiveProfilesUtils - Could not find an 'annotation declaring class' for annotation type [org.springframework.test.context.ActiveProfiles] and class [com.digi.generateBill.GenerateBillApplicationTests]
19:30:11.857 [main] DEBUG org.springframework.context.annotation.ClassPathScanningCandidateComponentProvider - Identified candidate component class: file [/Users/user/Documents/Saikat/Spring boot and fuse training/packtis/ Task Completed/RRT/generateBill/target/classes/com/digi/generateBill/GenerateBillApplication.class]
19:30:11.860 [main] INFO org.springframework.boot.test.context.SpringBootTestContextBootstrapper - Found @SpringBootConfiguration com.digi.generateBill.GenerateBillApplication for test class com.digi.generateBill.GenerateBillApplicationTests
19:30:12.817 [main] DEBUG org.springframework.boot.test.context.SpringBootTestContextBootstrapper - @TestExecutionListeners is not present for class [com.digi.generateBill.GenerateBillApplicationTests]: using defaults.
19:30:12.820 [main] INFO org.springframework.boot.test.context.SpringBootTestContextBootstrapper - Loaded default TestExecutionListener class names from location [META-INF/spring.factories]: [org.springframework.boot.test.mock.mockito.MockitoTestExecutionListener, org.springframework.boot.test.mock.mockito.ResetMocksTestExecutionListener, org.springframework.boot.test.autoconfigure.restdocs.RestDocsTestExecutionListener, org.springframework.boot.test.autoconfigure.web.client.MockRestServiceServerResetTestExecutionListener, org.springframework.boot.test.autoconfigure.web.servlet.MockMvcPrintOnlyOnFailureTestExecutionListener, org.springframework.boot.test.autoconfigure.web.servlet.WebDriverTestExecutionListener, org.springframework.boot.test.autoconfigure.webservices.client.MockWebServiceServerTestExecutionListener, org.springframework.test.context.web.ServletTestExecutionListener, org.springframework.test.context.support.DirtiesContextBeforeModesTestExecutionListener, org.springframework.test.context.event.ApplicationEventsTestExecutionListener, org.springframework.test.context.support.DependencyInjectionTestExecutionListener, org.springframework.test.context.support.DirtiesContextTestExecutionListener, org.springframework.test.context.transaction.TransactionalTestExecutionListener, org.springframework.test.context.jdbc.SqlScriptsTestExecutionListener, org.springframework.test.context.event.EventPublishingTestExecutionListener]
19:30:12.955 [main] INFO org.springframework.boot.test.context.SpringBootTestContextBootstrapper - Using TestExecutionListeners: [org.springframework.test.context.web.ServletTestExecutionListener@16b2bb0c, org.springframework.test.context.support.DirtiesContextBeforeModesTestExecutionListener@327af41b, org.springframework.test.context.event.ApplicationEventsTestExecutionListener@6cb6decd, org.springframework.boot.test.mock.mockito.MockitoTestExecutionListener@c7045b9, org.springframework.boot.test.autoconfigure.SpringBootDependencyInjectionTestExecutionListener@f99f5e0, org.springframework.test.context.support.DirtiesContextTestExecutionListener@6aa61224, org.springframework.test.context.transaction.TransactionalTestExecutionListener@30bce90b, org.springframework.test.context.jdbc.SqlScriptsTestExecutionListener@3e6f3f28, org.springframework.test.context.event.EventPublishingTestExecutionListener@7e19ebf0, org.springframework.boot.test.mock.mockito.ResetMocksTestExecutionListener@2474f125, org.springframework.boot.test.autoconfigure.restdocs.RestDocsTestExecutionListener@7357a011, org.springframework.boot.test.autoconfigure.web.client.MockRestServiceServerResetTestExecutionListener@3406472c, org.springframework.boot.test.autoconfigure.web.servlet.MockMvcPrintOnlyOnFailureTestExecutionListener@5717c37, org.springframework.boot.test.autoconfigure.web.servlet.WebDriverTestExecutionListener@68f4865, org.springframework.boot.test.autoconfigure.webservices.client.MockWebServiceServerTestExecutionListener@4816278d]
19:30:12.970 [main] DEBUG org.springframework.test.context.support.AbstractDirtiesContextTestExecutionListener - Before test class: context [DefaultTestContext@1fb19a0 testClass = GenerateBillApplicationTests, testInstance = [null], testMethod = [null], testException = [null], mergedContextConfiguration = [WebMergedContextConfiguration@6ee4d9ab testClass = GenerateBillApplicationTests, locations = '{}', classes = '{class com.digi.generateBill.GenerateBillApplication}', contextInitializerClasses = '[]', activeProfiles = '{}', propertySourceLocations = '{}', propertySourceProperties = '{org.springframework.boot.test.context.SpringBootTestContextBootstrapper=true}', contextCustomizers = set[org.springframework.boot.test.context.filter.ExcludeFilterContextCustomizer@69fb6037, org.springframework.boot.test.json.DuplicateJsonObjectContextCustomizerFactory$DuplicateJsonObjectContextCustomizer@3c947bc5, org.springframework.boot.test.mock.mockito.MockitoContextCustomizer@0, org.springframework.boot.test.web.client.TestRestTemplateContextCustomizer@4ef37659, org.springframework.boot.test.autoconfigure.actuate.metrics.MetricsExportContextCustomizerFactory$DisableMetricExportContextCustomizer@3541cb24, org.springframework.boot.test.autoconfigure.properties.PropertyMappingContextCustomizer@0, org.springframework.boot.test.autoconfigure.web.servlet.WebDriverContextCustomizerFactory$Customizer@49dc7102, org.springframework.boot.test.context.SpringBootTestArgs@1, org.springframework.boot.test.context.SpringBootTestWebEnvironment@7b49cea0], resourceBasePath = 'src/main/webapp', contextLoader = 'org.springframework.boot.test.context.SpringBootContextLoader', parent = [null]], attributes = map['org.springframework.test.context.web.ServletTestExecutionListener.activateListener' -> true]], class annotated with @DirtiesContext [false] with mode [null].

  .   ____          _            __ _ _
 /\\ / ___'_ __ _ _(_)_ __  __ _ \ \ \ \
( ( )\___ | '_ | '_| | '_ \/ _` | \ \ \ \
 \\/  ___)| |_)| | | | | || (_| |  ) ) ) )
  '  |____| .__|_| |_|_| |_\__, | / / / /
 =========|_|==============|___/=/_/_/_/
 :: Spring Boot ::                (v2.7.8)

2023-02-03 19:30:19.534  INFO 5711 --- [           main] c.d.g.GenerateBillApplicationTests       : Starting GenerateBillApplicationTests using Java 17.0.5 on USERs-MacBook-Air.local with PID 5711 (started by user in /Users/user/Documents/Saikat/Spring boot and fuse training/packtis/ Task Completed/RRT/generateBill)
2023-02-03 19:30:19.540  INFO 5711 --- [           main] c.d.g.GenerateBillApplicationTests       : No active profile set, falling back to 1 default profile: "default"
2023-02-03 19:30:24.045  INFO 5711 --- [           main] trationDelegate$BeanPostProcessorChecker : Bean 'org.apache.camel.spring.boot.CamelAutoConfiguration' of type [org.apache.camel.spring.boot.CamelAutoConfiguration$$EnhancerBySpringCGLIB$$bfff3728] is not eligible for getting processed by all BeanPostProcessors (for example: not eligible for auto-proxying)
2023-02-03 19:30:34.452  INFO 5711 --- [           main] o.a.c.i.converter.DefaultTypeConverter   : Loaded 199 type converters
2023-02-03 19:30:36.370  INFO 5711 --- [           main] o.a.camel.spring.boot.RoutesCollector    : Loading additional Camel XML routes from: classpath:camel/*.xml
2023-02-03 19:30:36.372  INFO 5711 --- [           main] o.a.camel.spring.boot.RoutesCollector    : Loading additional Camel XML rests from: classpath:camel-rest/*.xml
2023-02-03 19:30:36.379  INFO 5711 --- [           main] o.a.camel.spring.SpringCamelContext      : Apache Camel 2.18.0 (CamelContext: camel-1) is starting
2023-02-03 19:30:36.381  INFO 5711 --- [           main] o.a.c.m.ManagedManagementStrategy        : JMX is enabled
2023-02-03 19:30:37.124  INFO 5711 --- [           main] o.a.c.i.DefaultRuntimeEndpointRegistry   : Runtime endpoint registry is in extended mode gathering usage statistics of all incoming and outgoing endpoints (cache limit: 1000)
2023-02-03 19:30:37.434  INFO 5711 --- [           main] o.a.camel.spring.SpringCamelContext      : StreamCaching is not in use. If using streams then its recommended to enable stream caching. See more details at http://camel.apache.org/stream-caching.html
2023-02-03 19:30:37.665  INFO 5711 --- [           main] o.a.c.c.undertow.UndertowRegistry        : Adding consumer to consumerRegistry: http://0.0.0.0:9091/api/A/billingManagement/v1/generateBill
2023-02-03 19:30:37.681  INFO 5711 --- [           main] o.a.c.c.undertow.UndertowEndpoint        : Starting server on port: 9091
2023-02-03 19:30:37.763  INFO 5711 --- [           main] io.undertow                              : starting server: Undertow - 2.2.22.Final
2023-02-03 19:30:37.801  INFO 5711 --- [           main] org.xnio                                 : XNIO version 3.8.7.Final
2023-02-03 19:30:37.840  INFO 5711 --- [           main] org.xnio.nio                             : XNIO NIO Implementation Version 3.8.7.Final
2023-02-03 19:30:38.050  INFO 5711 --- [           main] org.jboss.threads                        : JBoss Threads version 3.1.0.Final
2023-02-03 19:30:38.264  INFO 5711 --- [           main] o.a.camel.spring.SpringCamelContext      : Route: route1 started and consuming from: http://0.0.0.0:9091/api/A/billingManagement/v1/generateBill?httpMethodRestrict=POST
2023-02-03 19:30:38.264  INFO 5711 --- [           main] o.a.camel.spring.SpringCamelContext      : Total 1 routes, of which 1 are started.
2023-02-03 19:30:38.266  INFO 5711 --- [           main] o.a.camel.spring.SpringCamelContext      : Apache Camel 2.18.0 (CamelContext: camel-1) started in 1.890 seconds
2023-02-03 19:30:38.288  INFO 5711 --- [           main] c.d.g.GenerateBillApplicationTests       : Started GenerateBillApplicationTests in 25.119 seconds (JVM running for 31.373)
]]></system-out>
  </testcase>
</testsuite>